[2026-04-01T12:38:41.994+0000] {manager.py:470} INFO - Processing files using up to 2 processes at a time 
[2026-04-01T12:38:41.995+0000] {manager.py:471} INFO - Process each file at most once every 30 seconds
[2026-04-01T12:38:41.996+0000] {manager.py:472} INFO - Checking for new files in /opt/airflow/dags every 300 seconds
[2026-04-01T12:38:41.997+0000] {manager.py:737} INFO - Searching for files in /opt/airflow/dags
[2026-04-01T12:38:42.000+0000] {manager.py:740} INFO - There are 1 files in /opt/airflow/dags
[2026-04-01T12:38:42.159+0000] {manager.py:878} INFO - 
================================================================================
DAG File Processing Stats

File Path                                 PID  Runtime      # DAGs    # Errors  Last Runtime    Last Run
--------------------------------------  -----  ---------  --------  ----------  --------------  ----------
/opt/airflow/dags/debt_pipeline_dag.py     67  0.09s             0           0
================================================================================
[2026-04-01T12:39:12.296+0000] {manager.py:878} INFO - 
================================================================================
DAG File Processing Stats

File Path                               PID    Runtime      # DAGs    # Errors  Last Runtime    Last Run
--------------------------------------  -----  ---------  --------  ----------  --------------  -------------------
/opt/airflow/dags/debt_pipeline_dag.py                           0           1  0.87s           2026-04-01T12:38:42
================================================================================
[2026-04-01T12:39:42.456+0000] {manager.py:878} INFO - 
================================================================================
DAG File Processing Stats

File Path                               PID    Runtime      # DAGs    # Errors  Last Runtime    Last Run
--------------------------------------  -----  ---------  --------  ----------  --------------  -------------------
/opt/airflow/dags/debt_pipeline_dag.py                           0           1  0.26s           2026-04-01T12:39:13
================================================================================
[2026-04-01T12:40:12.632+0000] {manager.py:878} INFO - 
================================================================================
DAG File Processing Stats

File Path                               PID    Runtime      # DAGs    # Errors  Last Runtime    Last Run
--------------------------------------  -----  ---------  --------  ----------  --------------  -------------------
/opt/airflow/dags/debt_pipeline_dag.py                           0           1  0.23s           2026-04-01T12:39:43
================================================================================
[2026-04-01T12:40:42.991+0000] {manager.py:878} INFO - 
================================================================================
DAG File Processing Stats

File Path                               PID    Runtime      # DAGs    # Errors  Last Runtime    Last Run
--------------------------------------  -----  ---------  --------  ----------  --------------  -------------------
/opt/airflow/dags/debt_pipeline_dag.py                           0           1  0.23s           2026-04-01T12:40:14
================================================================================
[2026-04-01T12:41:13.360+0000] {manager.py:878} INFO - 
================================================================================
DAG File Processing Stats

File Path                               PID    Runtime      # DAGs    # Errors  Last Runtime    Last Run
--------------------------------------  -----  ---------  --------  ----------  --------------  -------------------
/opt/airflow/dags/debt_pipeline_dag.py                           0           1  0.22s           2026-04-01T12:40:44
================================================================================
[2026-04-01T12:41:43.730+0000] {manager.py:878} INFO - 
================================================================================
DAG File Processing Stats

File Path                               PID    Runtime      # DAGs    # Errors  Last Runtime    Last Run
--------------------------------------  -----  ---------  --------  ----------  --------------  -------------------
/opt/airflow/dags/debt_pipeline_dag.py                           0           1  0.25s           2026-04-01T12:41:14
================================================================================
[2026-04-01T12:42:14.117+0000] {manager.py:878} INFO - 
================================================================================
DAG File Processing Stats

File Path                               PID    Runtime      # DAGs    # Errors  Last Runtime    Last Run
--------------------------------------  -----  ---------  --------  ----------  --------------  -------------------
/opt/airflow/dags/debt_pipeline_dag.py                           0           1  0.26s           2026-04-01T12:41:45
================================================================================
[2026-04-01T12:42:44.529+0000] {manager.py:878} INFO - 
================================================================================
DAG File Processing Stats

File Path                               PID    Runtime      # DAGs    # Errors  Last Runtime    Last Run
--------------------------------------  -----  ---------  --------  ----------  --------------  -------------------
/opt/airflow/dags/debt_pipeline_dag.py                           0           1  0.24s           2026-04-01T12:42:15
================================================================================
[2026-04-01T12:43:14.903+0000] {manager.py:878} INFO - 
================================================================================
DAG File Processing Stats

File Path                               PID    Runtime      # DAGs    # Errors  Last Runtime    Last Run
--------------------------------------  -----  ---------  --------  ----------  --------------  -------------------
/opt/airflow/dags/debt_pipeline_dag.py                           0           1  0.22s           2026-04-01T12:42:45
================================================================================
[2026-04-01T12:43:42.269+0000] {manager.py:737} INFO - Searching for files in /opt/airflow/dags
[2026-04-01T12:43:42.271+0000] {manager.py:740} INFO - There are 1 files in /opt/airflow/dags
[2026-04-01T12:43:45.302+0000] {manager.py:878} INFO - 
================================================================================
DAG File Processing Stats

File Path                               PID    Runtime      # DAGs    # Errors  Last Runtime    Last Run
--------------------------------------  -----  ---------  --------  ----------  --------------  -------------------
/opt/airflow/dags/debt_pipeline_dag.py                           0           1  0.27s           2026-04-01T12:43:16
================================================================================
[2026-04-01T12:44:15.707+0000] {manager.py:878} INFO - 
================================================================================
DAG File Processing Stats

File Path                               PID    Runtime      # DAGs    # Errors  Last Runtime    Last Run
--------------------------------------  -----  ---------  --------  ----------  --------------  -------------------
/opt/airflow/dags/debt_pipeline_dag.py                           0           1  0.27s           2026-04-01T12:43:46
================================================================================
[2026-04-01T12:44:46.121+0000] {manager.py:878} INFO - 
================================================================================
DAG File Processing Stats

File Path                               PID    Runtime      # DAGs    # Errors  Last Runtime    Last Run
--------------------------------------  -----  ---------  --------  ----------  --------------  -------------------
/opt/airflow/dags/debt_pipeline_dag.py                           0           1  0.22s           2026-04-01T12:44:17
================================================================================
[2026-04-01T12:45:16.479+0000] {manager.py:878} INFO - 
================================================================================
DAG File Processing Stats

File Path                               PID    Runtime      # DAGs    # Errors  Last Runtime    Last Run
--------------------------------------  -----  ---------  --------  ----------  --------------  -------------------
/opt/airflow/dags/debt_pipeline_dag.py                           0           1  0.26s           2026-04-01T12:44:47
================================================================================
[2026-04-01T12:45:46.885+0000] {manager.py:878} INFO - 
================================================================================
DAG File Processing Stats

File Path                               PID    Runtime      # DAGs    # Errors  Last Runtime    Last Run
--------------------------------------  -----  ---------  --------  ----------  --------------  -------------------
/opt/airflow/dags/debt_pipeline_dag.py                           0           1  0.24s           2026-04-01T12:45:17
================================================================================
[2026-04-01T12:45:48.454+0000] {manager.py:452} INFO - Exiting gracefully upon receiving signal 15
[2026-04-01T12:45:48.454+0000] {manager.py:452} INFO - Exiting gracefully upon receiving signal 15
[2026-04-01T12:45:49.697+0000] {manager.py:452} INFO - Exiting gracefully upon receiving signal 15
[2026-04-01T13:16:51.275+0000] {manager.py:470} INFO - Processing files using up to 2 processes at a time 
[2026-04-01T13:16:51.278+0000] {manager.py:471} INFO - Process each file at most once every 30 seconds
[2026-04-01T13:16:51.279+0000] {manager.py:472} INFO - Checking for new files in /opt/airflow/dags every 300 seconds
[2026-04-01T13:16:51.280+0000] {manager.py:737} INFO - Searching for files in /opt/airflow/dags
[2026-04-01T13:16:51.284+0000] {manager.py:740} INFO - There are 1 files in /opt/airflow/dags
[2026-04-01T13:16:52.308+0000] {manager.py:878} INFO - 
================================================================================
DAG File Processing Stats

File Path                                 PID  Runtime      # DAGs    # Errors  Last Runtime    Last Run
--------------------------------------  -----  ---------  --------  ----------  --------------  ----------
/opt/airflow/dags/debt_pipeline_dag.py     68  0.03s             0           0
================================================================================
[2026-04-01T13:17:22.467+0000] {manager.py:878} INFO - 
================================================================================
DAG File Processing Stats

File Path                                 PID  Runtime      # DAGs    # Errors  Last Runtime    Last Run
--------------------------------------  -----  ---------  --------  ----------  --------------  -------------------
/opt/airflow/dags/debt_pipeline_dag.py     75  0.01s             0           1  0.09s           2026-04-01T13:16:52
================================================================================
[2026-04-01T13:17:52.659+0000] {manager.py:878} INFO - 
================================================================================
DAG File Processing Stats

File Path                                 PID  Runtime      # DAGs    # Errors  Last Runtime    Last Run
--------------------------------------  -----  ---------  --------  ----------  --------------  -------------------
/opt/airflow/dags/debt_pipeline_dag.py     82  0.01s             0           1  0.08s           2026-04-01T13:17:22
================================================================================
[2026-04-01T13:18:22.829+0000] {manager.py:878} INFO - 
================================================================================
DAG File Processing Stats

File Path                                 PID  Runtime      # DAGs    # Errors  Last Runtime    Last Run
--------------------------------------  -----  ---------  --------  ----------  --------------  -------------------
/opt/airflow/dags/debt_pipeline_dag.py     89  0.01s             0           1  0.11s           2026-04-01T13:17:52
================================================================================
[2026-04-01T13:18:53.063+0000] {manager.py:878} INFO - 
================================================================================
DAG File Processing Stats

File Path                                 PID  Runtime      # DAGs    # Errors  Last Runtime    Last Run
--------------------------------------  -----  ---------  --------  ----------  --------------  -------------------
/opt/airflow/dags/debt_pipeline_dag.py     96  0.01s             0           1  0.08s           2026-04-01T13:18:22
================================================================================
[2026-04-01T13:19:23.239+0000] {manager.py:878} INFO - 
================================================================================
DAG File Processing Stats

File Path                                 PID  Runtime      # DAGs    # Errors  Last Runtime    Last Run
--------------------------------------  -----  ---------  --------  ----------  --------------  -------------------
/opt/airflow/dags/debt_pipeline_dag.py    103  0.01s             0           1  0.11s           2026-04-01T13:18:53
================================================================================
[2026-04-01T13:19:53.470+0000] {manager.py:878} INFO - 
================================================================================
DAG File Processing Stats

File Path                                 PID  Runtime      # DAGs    # Errors  Last Runtime    Last Run
--------------------------------------  -----  ---------  --------  ----------  --------------  -------------------
/opt/airflow/dags/debt_pipeline_dag.py    110  0.01s             0           1  0.08s           2026-04-01T13:19:23
================================================================================
[2026-04-01T13:20:23.816+0000] {manager.py:878} INFO - 
================================================================================
DAG File Processing Stats

File Path                               PID    Runtime      # DAGs    # Errors  Last Runtime    Last Run
--------------------------------------  -----  ---------  --------  ----------  --------------  -------------------
/opt/airflow/dags/debt_pipeline_dag.py                           0           1  0.09s           2026-04-01T13:20:22
================================================================================
[2026-04-01T13:20:53.985+0000] {manager.py:878} INFO - 
================================================================================
DAG File Processing Stats

File Path                               PID    Runtime      # DAGs    # Errors  Last Runtime    Last Run
--------------------------------------  -----  ---------  --------  ----------  --------------  -------------------
/opt/airflow/dags/debt_pipeline_dag.py                           0           1  0.08s           2026-04-01T13:20:53
================================================================================
[2026-04-01T13:21:24.203+0000] {manager.py:878} INFO - 
================================================================================
DAG File Processing Stats

File Path                               PID    Runtime      # DAGs    # Errors  Last Runtime    Last Run
--------------------------------------  -----  ---------  --------  ----------  --------------  -------------------
/opt/airflow/dags/debt_pipeline_dag.py                           0           1  0.09s           2026-04-01T13:21:23
================================================================================
[2026-04-01T13:21:51.338+0000] {manager.py:737} INFO - Searching for files in /opt/airflow/dags
[2026-04-01T13:21:51.341+0000] {manager.py:740} INFO - There are 1 files in /opt/airflow/dags
[2026-04-01T13:21:54.394+0000] {manager.py:878} INFO - 
================================================================================
DAG File Processing Stats

File Path                               PID    Runtime      # DAGs    # Errors  Last Runtime    Last Run
--------------------------------------  -----  ---------  --------  ----------  --------------  -------------------
/opt/airflow/dags/debt_pipeline_dag.py                           0           1  0.09s           2026-04-01T13:21:53
================================================================================
[2026-04-01T13:22:24.604+0000] {manager.py:878} INFO - 
================================================================================
DAG File Processing Stats

File Path                               PID    Runtime      # DAGs    # Errors  Last Runtime    Last Run
--------------------------------------  -----  ---------  --------  ----------  --------------  -------------------
/opt/airflow/dags/debt_pipeline_dag.py                           0           1  0.09s           2026-04-01T13:22:23
================================================================================
[2026-04-01T13:22:54.783+0000] {manager.py:878} INFO - 
================================================================================
DAG File Processing Stats

File Path                               PID    Runtime      # DAGs    # Errors  Last Runtime    Last Run
--------------------------------------  -----  ---------  --------  ----------  --------------  -------------------
/opt/airflow/dags/debt_pipeline_dag.py                           0           1  0.10s           2026-04-01T13:22:53
================================================================================
[2026-04-01T13:23:25.001+0000] {manager.py:878} INFO - 
================================================================================
DAG File Processing Stats

File Path                               PID    Runtime      # DAGs    # Errors  Last Runtime    Last Run
--------------------------------------  -----  ---------  --------  ----------  --------------  -------------------
/opt/airflow/dags/debt_pipeline_dag.py                           0           1  0.09s           2026-04-01T13:23:24
================================================================================
[2026-04-01T13:23:55.180+0000] {manager.py:878} INFO - 
================================================================================
DAG File Processing Stats

File Path                               PID    Runtime      # DAGs    # Errors  Last Runtime    Last Run
--------------------------------------  -----  ---------  --------  ----------  --------------  -------------------
/opt/airflow/dags/debt_pipeline_dag.py                           0           1  0.09s           2026-04-01T13:23:54
================================================================================
[2026-04-01T13:24:25.382+0000] {manager.py:878} INFO - 
================================================================================
DAG File Processing Stats

File Path                               PID    Runtime      # DAGs    # Errors  Last Runtime    Last Run
--------------------------------------  -----  ---------  --------  ----------  --------------  -------------------
/opt/airflow/dags/debt_pipeline_dag.py                           0           1  0.07s           2026-04-01T13:24:24
================================================================================
[2026-04-01T13:24:55.556+0000] {manager.py:878} INFO - 
================================================================================
DAG File Processing Stats

File Path                               PID    Runtime      # DAGs    # Errors  Last Runtime    Last Run
--------------------------------------  -----  ---------  --------  ----------  --------------  -------------------
/opt/airflow/dags/debt_pipeline_dag.py                           0           1  0.09s           2026-04-01T13:24:54
================================================================================
[2026-04-01T13:25:25.761+0000] {manager.py:878} INFO - 
================================================================================
DAG File Processing Stats

File Path                               PID    Runtime      # DAGs    # Errors  Last Runtime    Last Run
--------------------------------------  -----  ---------  --------  ----------  --------------  -------------------
/opt/airflow/dags/debt_pipeline_dag.py                           0           1  0.08s           2026-04-01T13:25:24
================================================================================
[2026-04-01T13:25:55.935+0000] {manager.py:878} INFO - 
================================================================================
DAG File Processing Stats

File Path                               PID    Runtime      # DAGs    # Errors  Last Runtime    Last Run
--------------------------------------  -----  ---------  --------  ----------  --------------  -------------------
/opt/airflow/dags/debt_pipeline_dag.py                           0           1  0.08s           2026-04-01T13:25:54
================================================================================
[2026-04-01T13:26:26.134+0000] {manager.py:878} INFO - 
================================================================================
DAG File Processing Stats

File Path                               PID    Runtime      # DAGs    # Errors  Last Runtime    Last Run
--------------------------------------  -----  ---------  --------  ----------  --------------  -------------------
/opt/airflow/dags/debt_pipeline_dag.py                           0           1  0.09s           2026-04-01T13:26:25
================================================================================
[2026-04-01T13:26:52.264+0000] {manager.py:737} INFO - Searching for files in /opt/airflow/dags
[2026-04-01T13:26:52.267+0000] {manager.py:740} INFO - There are 1 files in /opt/airflow/dags
[2026-04-01T13:26:56.323+0000] {manager.py:878} INFO - 
================================================================================
DAG File Processing Stats

File Path                               PID    Runtime      # DAGs    # Errors  Last Runtime    Last Run
--------------------------------------  -----  ---------  --------  ----------  --------------  -------------------
/opt/airflow/dags/debt_pipeline_dag.py                           0           1  0.09s           2026-04-01T13:26:55
================================================================================
[2026-04-01T13:27:26.527+0000] {manager.py:878} INFO - 
================================================================================
DAG File Processing Stats

File Path                               PID    Runtime      # DAGs    # Errors  Last Runtime    Last Run
--------------------------------------  -----  ---------  --------  ----------  --------------  -------------------
/opt/airflow/dags/debt_pipeline_dag.py                           0           1  0.09s           2026-04-01T13:27:25
================================================================================
[2026-04-01T13:27:56.702+0000] {manager.py:878} INFO - 
================================================================================
DAG File Processing Stats

File Path                               PID    Runtime      # DAGs    # Errors  Last Runtime    Last Run
--------------------------------------  -----  ---------  --------  ----------  --------------  -------------------
/opt/airflow/dags/debt_pipeline_dag.py                           0           1  0.08s           2026-04-01T13:27:55
================================================================================
[2026-04-01T13:28:26.897+0000] {manager.py:878} INFO - 
================================================================================
DAG File Processing Stats

File Path                               PID    Runtime      # DAGs    # Errors  Last Runtime    Last Run
--------------------------------------  -----  ---------  --------  ----------  --------------  -------------------
/opt/airflow/dags/debt_pipeline_dag.py                           0           1  0.09s           2026-04-01T13:28:25
================================================================================
[2026-04-01T13:28:57.082+0000] {manager.py:878} INFO - 
================================================================================
DAG File Processing Stats

File Path                               PID    Runtime      # DAGs    # Errors  Last Runtime    Last Run
--------------------------------------  -----  ---------  --------  ----------  --------------  -------------------
/opt/airflow/dags/debt_pipeline_dag.py                           0           1  0.08s           2026-04-01T13:28:56
================================================================================
[2026-04-01T13:29:27.287+0000] {manager.py:878} INFO - 
================================================================================
DAG File Processing Stats

File Path                               PID    Runtime      # DAGs    # Errors  Last Runtime    Last Run
--------------------------------------  -----  ---------  --------  ----------  --------------  -------------------
/opt/airflow/dags/debt_pipeline_dag.py                           0           1  0.11s           2026-04-01T13:29:26
================================================================================
[2026-04-01T13:29:57.490+0000] {manager.py:878} INFO - 
================================================================================
DAG File Processing Stats

File Path                               PID    Runtime      # DAGs    # Errors  Last Runtime    Last Run
--------------------------------------  -----  ---------  --------  ----------  --------------  -------------------
/opt/airflow/dags/debt_pipeline_dag.py                           0           1  0.09s           2026-04-01T13:29:56
================================================================================
[2026-04-01T13:30:27.673+0000] {manager.py:878} INFO - 
================================================================================
DAG File Processing Stats

File Path                               PID    Runtime      # DAGs    # Errors  Last Runtime    Last Run
--------------------------------------  -----  ---------  --------  ----------  --------------  -------------------
/opt/airflow/dags/debt_pipeline_dag.py                           0           1  0.09s           2026-04-01T13:30:26
================================================================================
[2026-04-01T13:30:57.876+0000] {manager.py:878} INFO - 
================================================================================
DAG File Processing Stats

File Path                               PID    Runtime      # DAGs    # Errors  Last Runtime    Last Run
--------------------------------------  -----  ---------  --------  ----------  --------------  -------------------
/opt/airflow/dags/debt_pipeline_dag.py                           0           1  0.09s           2026-04-01T13:30:56
================================================================================
[2026-04-01T13:31:28.058+0000] {manager.py:878} INFO - 
================================================================================
DAG File Processing Stats

File Path                               PID    Runtime      # DAGs    # Errors  Last Runtime    Last Run
--------------------------------------  -----  ---------  --------  ----------  --------------  -------------------
/opt/airflow/dags/debt_pipeline_dag.py                           0           1  0.09s           2026-04-01T13:31:27
================================================================================
[2026-04-01T13:31:53.180+0000] {manager.py:737} INFO - Searching for files in /opt/airflow/dags
[2026-04-01T13:31:53.183+0000] {manager.py:740} INFO - There are 1 files in /opt/airflow/dags
[2026-04-01T13:31:58.266+0000] {manager.py:878} INFO - 
================================================================================
DAG File Processing Stats

File Path                               PID    Runtime      # DAGs    # Errors  Last Runtime    Last Run
--------------------------------------  -----  ---------  --------  ----------  --------------  -------------------
/opt/airflow/dags/debt_pipeline_dag.py                           0           1  0.08s           2026-04-01T13:31:57
================================================================================
[2026-04-01T13:32:28.436+0000] {manager.py:878} INFO - 
================================================================================
DAG File Processing Stats

File Path                               PID    Runtime      # DAGs    # Errors  Last Runtime    Last Run
--------------------------------------  -----  ---------  --------  ----------  --------------  -------------------
/opt/airflow/dags/debt_pipeline_dag.py                           0           1  0.09s           2026-04-01T13:32:27
================================================================================
[2026-04-01T13:32:58.645+0000] {manager.py:878} INFO - 
================================================================================
DAG File Processing Stats

File Path                               PID    Runtime      # DAGs    # Errors  Last Runtime    Last Run
--------------------------------------  -----  ---------  --------  ----------  --------------  -------------------
/opt/airflow/dags/debt_pipeline_dag.py                           0           1  0.08s           2026-04-01T13:32:57
================================================================================
[2026-04-01T13:33:28.806+0000] {manager.py:878} INFO - 
================================================================================
DAG File Processing Stats

File Path                               PID    Runtime      # DAGs    # Errors  Last Runtime    Last Run
--------------------------------------  -----  ---------  --------  ----------  --------------  -------------------
/opt/airflow/dags/debt_pipeline_dag.py                           0           1  0.08s           2026-04-01T13:33:27
================================================================================
[2026-04-01T13:33:59.014+0000] {manager.py:878} INFO - 
================================================================================
DAG File Processing Stats

File Path                               PID    Runtime      # DAGs    # Errors  Last Runtime    Last Run
--------------------------------------  -----  ---------  --------  ----------  --------------  -------------------
/opt/airflow/dags/debt_pipeline_dag.py                           0           1  0.09s           2026-04-01T13:33:58
================================================================================
[2026-04-01T13:34:29.192+0000] {manager.py:878} INFO - 
================================================================================
DAG File Processing Stats

File Path                               PID    Runtime      # DAGs    # Errors  Last Runtime    Last Run
--------------------------------------  -----  ---------  --------  ----------  --------------  -------------------
/opt/airflow/dags/debt_pipeline_dag.py                           0           1  0.10s           2026-04-01T13:34:28
================================================================================
[2026-04-01T13:34:59.404+0000] {manager.py:878} INFO - 
================================================================================
DAG File Processing Stats

File Path                               PID    Runtime      # DAGs    # Errors  Last Runtime    Last Run
--------------------------------------  -----  ---------  --------  ----------  --------------  -------------------
/opt/airflow/dags/debt_pipeline_dag.py                           0           1  0.09s           2026-04-01T13:34:58
================================================================================
[2026-04-01T13:35:29.576+0000] {manager.py:878} INFO - 
================================================================================
DAG File Processing Stats

File Path                               PID    Runtime      # DAGs    # Errors  Last Runtime    Last Run
--------------------------------------  -----  ---------  --------  ----------  --------------  -------------------
/opt/airflow/dags/debt_pipeline_dag.py                           0           1  0.10s           2026-04-01T13:35:28
================================================================================
[2026-04-01T13:35:59.786+0000] {manager.py:878} INFO - 
================================================================================
DAG File Processing Stats

File Path                               PID    Runtime      # DAGs    # Errors  Last Runtime    Last Run
--------------------------------------  -----  ---------  --------  ----------  --------------  -------------------
/opt/airflow/dags/debt_pipeline_dag.py                           0           1  0.08s           2026-04-01T13:35:58
================================================================================
[2026-04-01T13:36:29.959+0000] {manager.py:878} INFO - 
================================================================================
DAG File Processing Stats

File Path                               PID    Runtime      # DAGs    # Errors  Last Runtime    Last Run
--------------------------------------  -----  ---------  --------  ----------  --------------  -------------------
/opt/airflow/dags/debt_pipeline_dag.py                           0           1  0.08s           2026-04-01T13:36:29
================================================================================
[2026-04-01T13:36:54.083+0000] {manager.py:737} INFO - Searching for files in /opt/airflow/dags
[2026-04-01T13:36:54.085+0000] {manager.py:740} INFO - There are 1 files in /opt/airflow/dags
[2026-04-01T13:37:00.172+0000] {manager.py:878} INFO - 
================================================================================
DAG File Processing Stats

File Path                               PID    Runtime      # DAGs    # Errors  Last Runtime    Last Run
--------------------------------------  -----  ---------  --------  ----------  --------------  -------------------
/opt/airflow/dags/debt_pipeline_dag.py                           0           1  0.09s           2026-04-01T13:36:59
================================================================================
[2026-04-01T13:37:30.365+0000] {manager.py:878} INFO - 
================================================================================
DAG File Processing Stats

File Path                               PID    Runtime      # DAGs    # Errors  Last Runtime    Last Run
--------------------------------------  -----  ---------  --------  ----------  --------------  -------------------
/opt/airflow/dags/debt_pipeline_dag.py                           0           1  0.08s           2026-04-01T13:37:29
================================================================================
[2026-04-01T13:38:00.553+0000] {manager.py:878} INFO - 
================================================================================
DAG File Processing Stats

File Path                               PID    Runtime      # DAGs    # Errors  Last Runtime    Last Run
--------------------------------------  -----  ---------  --------  ----------  --------------  -------------------
/opt/airflow/dags/debt_pipeline_dag.py                           0           1  0.08s           2026-04-01T13:37:59
================================================================================
[2026-04-01T13:38:30.739+0000] {manager.py:878} INFO - 
================================================================================
DAG File Processing Stats

File Path                               PID    Runtime      # DAGs    # Errors  Last Runtime    Last Run
--------------------------------------  -----  ---------  --------  ----------  --------------  -------------------
/opt/airflow/dags/debt_pipeline_dag.py                           0           1  0.09s           2026-04-01T13:38:29
================================================================================
[2026-04-01T13:39:00.939+0000] {manager.py:878} INFO - 
================================================================================
DAG File Processing Stats

File Path                               PID    Runtime      # DAGs    # Errors  Last Runtime    Last Run
--------------------------------------  -----  ---------  --------  ----------  --------------  -------------------
/opt/airflow/dags/debt_pipeline_dag.py                           0           1  0.08s           2026-04-01T13:38:59
================================================================================
[2026-04-01T13:39:31.124+0000] {manager.py:878} INFO - 
================================================================================
DAG File Processing Stats

File Path                               PID    Runtime      # DAGs    # Errors  Last Runtime    Last Run
--------------------------------------  -----  ---------  --------  ----------  --------------  -------------------
/opt/airflow/dags/debt_pipeline_dag.py                           0           1  0.09s           2026-04-01T13:39:30
================================================================================
[2026-04-01T13:40:01.337+0000] {manager.py:878} INFO - 
================================================================================
DAG File Processing Stats

File Path                               PID    Runtime      # DAGs    # Errors  Last Runtime    Last Run
--------------------------------------  -----  ---------  --------  ----------  --------------  -------------------
/opt/airflow/dags/debt_pipeline_dag.py                           0           1  0.10s           2026-04-01T13:40:00
================================================================================
[2026-04-01T13:40:31.508+0000] {manager.py:878} INFO - 
================================================================================
DAG File Processing Stats

File Path                               PID    Runtime      # DAGs    # Errors  Last Runtime    Last Run
--------------------------------------  -----  ---------  --------  ----------  --------------  -------------------
/opt/airflow/dags/debt_pipeline_dag.py                           0           1  0.09s           2026-04-01T13:40:30
================================================================================
[2026-04-01T13:41:01.716+0000] {manager.py:878} INFO - 
================================================================================
DAG File Processing Stats

File Path                               PID    Runtime      # DAGs    # Errors  Last Runtime    Last Run
--------------------------------------  -----  ---------  --------  ----------  --------------  -------------------
/opt/airflow/dags/debt_pipeline_dag.py                           0           1  0.08s           2026-04-01T13:41:00
================================================================================
[2026-04-01T13:41:31.885+0000] {manager.py:878} INFO - 
================================================================================
DAG File Processing Stats

File Path                               PID    Runtime      # DAGs    # Errors  Last Runtime    Last Run
--------------------------------------  -----  ---------  --------  ----------  --------------  -------------------
/opt/airflow/dags/debt_pipeline_dag.py                           0           1  0.09s           2026-04-01T13:41:30
================================================================================
[2026-04-01T13:41:54.998+0000] {manager.py:737} INFO - Searching for files in /opt/airflow/dags
[2026-04-01T13:41:55.000+0000] {manager.py:740} INFO - There are 1 files in /opt/airflow/dags
[2026-04-01T13:42:02.101+0000] {manager.py:878} INFO - 
================================================================================
DAG File Processing Stats

File Path                               PID    Runtime      # DAGs    # Errors  Last Runtime    Last Run
--------------------------------------  -----  ---------  --------  ----------  --------------  -------------------
/opt/airflow/dags/debt_pipeline_dag.py                           0           1  0.09s           2026-04-01T13:42:01
================================================================================
[2026-04-01T13:42:32.283+0000] {manager.py:878} INFO - 
================================================================================
DAG File Processing Stats

File Path                               PID    Runtime      # DAGs    # Errors  Last Runtime    Last Run
--------------------------------------  -----  ---------  --------  ----------  --------------  -------------------
/opt/airflow/dags/debt_pipeline_dag.py                           0           1  0.08s           2026-04-01T13:42:31
================================================================================
[2026-04-01T17:13:40.612+0000] {manager.py:737} INFO - Searching for files in /opt/airflow/dags
[2026-04-01T17:13:40.616+0000] {manager.py:740} INFO - There are 1 files in /opt/airflow/dags
[2026-04-01T18:33:13.593+0000] {manager.py:737} INFO - Searching for files in /opt/airflow/dags
[2026-04-01T18:33:13.599+0000] {manager.py:740} INFO - There are 1 files in /opt/airflow/dags
[2026-04-01T18:33:25.892+0000] {manager.py:878} INFO - 
================================================================================
DAG File Processing Stats

File Path                               PID    Runtime      # DAGs    # Errors  Last Runtime    Last Run
--------------------------------------  -----  ---------  --------  ----------  --------------  -------------------
/opt/airflow/dags/debt_pipeline_dag.py                           0           1  0.18s           2026-04-01T18:33:13
================================================================================
[2026-04-01T18:33:56.049+0000] {manager.py:878} INFO - 
================================================================================
DAG File Processing Stats

File Path                               PID    Runtime      # DAGs    # Errors  Last Runtime    Last Run
--------------------------------------  -----  ---------  --------  ----------  --------------  -------------------
/opt/airflow/dags/debt_pipeline_dag.py                           0           1  0.10s           2026-04-01T18:33:44
================================================================================
[2026-04-01T18:34:26.282+0000] {manager.py:878} INFO - 
================================================================================
DAG File Processing Stats

File Path                               PID    Runtime      # DAGs    # Errors  Last Runtime    Last Run
--------------------------------------  -----  ---------  --------  ----------  --------------  -------------------
/opt/airflow/dags/debt_pipeline_dag.py                           0           1  0.10s           2026-04-01T18:34:14
================================================================================
[2026-04-01T18:34:56.463+0000] {manager.py:878} INFO - 
================================================================================
DAG File Processing Stats

File Path                               PID    Runtime      # DAGs    # Errors  Last Runtime    Last Run
--------------------------------------  -----  ---------  --------  ----------  --------------  -------------------
/opt/airflow/dags/debt_pipeline_dag.py                           0           1  0.09s           2026-04-01T18:34:44
================================================================================
[2026-04-01T18:35:26.683+0000] {manager.py:878} INFO - 
================================================================================
DAG File Processing Stats

File Path                               PID    Runtime      # DAGs    # Errors  Last Runtime    Last Run
--------------------------------------  -----  ---------  --------  ----------  --------------  -------------------
/opt/airflow/dags/debt_pipeline_dag.py                           0           1  0.12s           2026-04-01T18:35:14
================================================================================
[2026-04-01T18:35:56.903+0000] {manager.py:878} INFO - 
================================================================================
DAG File Processing Stats

File Path                               PID    Runtime      # DAGs    # Errors  Last Runtime    Last Run
--------------------------------------  -----  ---------  --------  ----------  --------------  -------------------
/opt/airflow/dags/debt_pipeline_dag.py                           0           1  0.10s           2026-04-01T18:35:44
================================================================================
[2026-04-01T18:36:27.098+0000] {manager.py:878} INFO - 
================================================================================
DAG File Processing Stats

File Path                               PID    Runtime      # DAGs    # Errors  Last Runtime    Last Run
--------------------------------------  -----  ---------  --------  ----------  --------------  -------------------
/opt/airflow/dags/debt_pipeline_dag.py                           0           1  0.11s           2026-04-01T18:36:15
================================================================================
[2026-04-01T18:36:57.321+0000] {manager.py:878} INFO - 
================================================================================
DAG File Processing Stats

File Path                               PID    Runtime      # DAGs    # Errors  Last Runtime    Last Run
--------------------------------------  -----  ---------  --------  ----------  --------------  -------------------
/opt/airflow/dags/debt_pipeline_dag.py                           0           1  0.09s           2026-04-01T18:36:45
================================================================================
[2026-04-01T18:37:27.504+0000] {manager.py:878} INFO - 
================================================================================
DAG File Processing Stats

File Path                               PID    Runtime      # DAGs    # Errors  Last Runtime    Last Run
--------------------------------------  -----  ---------  --------  ----------  --------------  -------------------
/opt/airflow/dags/debt_pipeline_dag.py                           0           1  0.11s           2026-04-01T18:37:15
================================================================================
[2026-04-01T18:37:57.733+0000] {manager.py:878} INFO - 
================================================================================
DAG File Processing Stats

File Path                               PID    Runtime      # DAGs    # Errors  Last Runtime    Last Run
--------------------------------------  -----  ---------  --------  ----------  --------------  -------------------
/opt/airflow/dags/debt_pipeline_dag.py                           0           1  0.10s           2026-04-01T18:37:45
================================================================================
[2026-04-01T18:38:13.817+0000] {manager.py:737} INFO - Searching for files in /opt/airflow/dags
[2026-04-01T18:38:13.820+0000] {manager.py:740} INFO - There are 1 files in /opt/airflow/dags
[2026-04-01T18:38:27.930+0000] {manager.py:878} INFO - 
================================================================================
DAG File Processing Stats

File Path                               PID    Runtime      # DAGs    # Errors  Last Runtime    Last Run
--------------------------------------  -----  ---------  --------  ----------  --------------  -------------------
/opt/airflow/dags/debt_pipeline_dag.py                           0           1  0.09s           2026-04-01T18:38:15
================================================================================
[2026-04-01T18:38:58.150+0000] {manager.py:878} INFO - 
================================================================================
DAG File Processing Stats

File Path                               PID    Runtime      # DAGs    # Errors  Last Runtime    Last Run
--------------------------------------  -----  ---------  --------  ----------  --------------  -------------------
/opt/airflow/dags/debt_pipeline_dag.py                           0           1  0.09s           2026-04-01T18:38:46
================================================================================
[2026-04-01T18:39:28.331+0000] {manager.py:878} INFO - 
================================================================================
DAG File Processing Stats

File Path                               PID    Runtime      # DAGs    # Errors  Last Runtime    Last Run
--------------------------------------  -----  ---------  --------  ----------  --------------  -------------------
/opt/airflow/dags/debt_pipeline_dag.py                           0           1  0.08s           2026-04-01T18:39:16
================================================================================
[2026-04-01T18:39:58.544+0000] {manager.py:878} INFO - 
================================================================================
DAG File Processing Stats

File Path                               PID    Runtime      # DAGs    # Errors  Last Runtime    Last Run
--------------------------------------  -----  ---------  --------  ----------  --------------  -------------------
/opt/airflow/dags/debt_pipeline_dag.py                           0           1  0.09s           2026-04-01T18:39:46
================================================================================
[2026-04-01T18:40:28.728+0000] {manager.py:878} INFO - 
================================================================================
DAG File Processing Stats

File Path                               PID    Runtime      # DAGs    # Errors  Last Runtime    Last Run
--------------------------------------  -----  ---------  --------  ----------  --------------  -------------------
/opt/airflow/dags/debt_pipeline_dag.py                           0           1  0.09s           2026-04-01T18:40:16
================================================================================
[2026-04-01T18:40:58.978+0000] {manager.py:878} INFO - 
================================================================================
DAG File Processing Stats

File Path                               PID    Runtime      # DAGs    # Errors  Last Runtime    Last Run
--------------------------------------  -----  ---------  --------  ----------  --------------  -------------------
/opt/airflow/dags/debt_pipeline_dag.py                           0           1  0.10s           2026-04-01T18:40:55
================================================================================
[2026-04-01T18:41:29.187+0000] {manager.py:878} INFO - 
================================================================================
DAG File Processing Stats

File Path                               PID    Runtime      # DAGs    # Errors  Last Runtime    Last Run
--------------------------------------  -----  ---------  --------  ----------  --------------  -------------------
/opt/airflow/dags/debt_pipeline_dag.py                           0           1  0.09s           2026-04-01T18:41:25
================================================================================
[2026-04-01T18:41:59.367+0000] {manager.py:878} INFO - 
================================================================================
DAG File Processing Stats

File Path                               PID    Runtime      # DAGs    # Errors  Last Runtime    Last Run
--------------------------------------  -----  ---------  --------  ----------  --------------  -------------------
/opt/airflow/dags/debt_pipeline_dag.py                           0           1  0.09s           2026-04-01T18:41:55
================================================================================
[2026-04-01T18:42:29.580+0000] {manager.py:878} INFO - 
================================================================================
DAG File Processing Stats

File Path                               PID    Runtime      # DAGs    # Errors  Last Runtime    Last Run
--------------------------------------  -----  ---------  --------  ----------  --------------  -------------------
/opt/airflow/dags/debt_pipeline_dag.py                           0           1  0.08s           2026-04-01T18:42:25
================================================================================
[2026-04-01T18:42:59.764+0000] {manager.py:878} INFO - 
================================================================================
DAG File Processing Stats

File Path                               PID    Runtime      # DAGs    # Errors  Last Runtime    Last Run
--------------------------------------  -----  ---------  --------  ----------  --------------  -------------------
/opt/airflow/dags/debt_pipeline_dag.py                           0           1  0.09s           2026-04-01T18:42:55
================================================================================
[2026-04-01T18:43:13.834+0000] {manager.py:737} INFO - Searching for files in /opt/airflow/dags
[2026-04-01T18:43:13.837+0000] {manager.py:740} INFO - There are 1 files in /opt/airflow/dags
[2026-04-01T18:43:29.966+0000] {manager.py:878} INFO - 
================================================================================
DAG File Processing Stats

File Path                               PID    Runtime      # DAGs    # Errors  Last Runtime    Last Run
--------------------------------------  -----  ---------  --------  ----------  --------------  -------------------
/opt/airflow/dags/debt_pipeline_dag.py                           0           1  0.09s           2026-04-01T18:43:26
================================================================================
[2026-04-01T18:44:00.167+0000] {manager.py:878} INFO - 
================================================================================
DAG File Processing Stats

File Path                               PID    Runtime      # DAGs    # Errors  Last Runtime    Last Run
--------------------------------------  -----  ---------  --------  ----------  --------------  -------------------
/opt/airflow/dags/debt_pipeline_dag.py                           0           1  0.12s           2026-04-01T18:43:56
================================================================================
[2026-04-01T18:44:30.405+0000] {manager.py:878} INFO - 
================================================================================
DAG File Processing Stats

File Path                               PID    Runtime      # DAGs    # Errors  Last Runtime    Last Run
--------------------------------------  -----  ---------  --------  ----------  --------------  -------------------
/opt/airflow/dags/debt_pipeline_dag.py                           0           1  0.09s           2026-04-01T18:44:26
================================================================================
[2026-04-01T18:45:00.576+0000] {manager.py:878} INFO - 
================================================================================
DAG File Processing Stats

File Path                               PID    Runtime      # DAGs    # Errors  Last Runtime    Last Run
--------------------------------------  -----  ---------  --------  ----------  --------------  -------------------
/opt/airflow/dags/debt_pipeline_dag.py                           0           1  0.09s           2026-04-01T18:44:56
================================================================================
[2026-04-01T18:45:30.787+0000] {manager.py:878} INFO - 
================================================================================
DAG File Processing Stats

File Path                               PID    Runtime      # DAGs    # Errors  Last Runtime    Last Run
--------------------------------------  -----  ---------  --------  ----------  --------------  -------------------
/opt/airflow/dags/debt_pipeline_dag.py                           0           1  0.07s           2026-04-01T18:45:26
================================================================================
[2026-04-01T18:46:00.966+0000] {manager.py:878} INFO - 
================================================================================
DAG File Processing Stats

File Path                               PID    Runtime      # DAGs    # Errors  Last Runtime    Last Run
--------------------------------------  -----  ---------  --------  ----------  --------------  -------------------
/opt/airflow/dags/debt_pipeline_dag.py                           0           1  0.09s           2026-04-01T18:45:57
================================================================================
[2026-04-01T18:46:31.177+0000] {manager.py:878} INFO - 
================================================================================
DAG File Processing Stats

File Path                               PID    Runtime      # DAGs    # Errors  Last Runtime    Last Run
--------------------------------------  -----  ---------  --------  ----------  --------------  -------------------
/opt/airflow/dags/debt_pipeline_dag.py                           0           1  0.09s           2026-04-01T18:46:27
================================================================================
[2026-04-01T18:47:01.362+0000] {manager.py:878} INFO - 
================================================================================
DAG File Processing Stats

File Path                               PID    Runtime      # DAGs    # Errors  Last Runtime    Last Run
--------------------------------------  -----  ---------  --------  ----------  --------------  -------------------
/opt/airflow/dags/debt_pipeline_dag.py                           0           1  0.08s           2026-04-01T18:46:57
================================================================================
[2026-04-01T18:47:31.547+0000] {manager.py:878} INFO - 
================================================================================
DAG File Processing Stats

File Path                               PID    Runtime      # DAGs    # Errors  Last Runtime    Last Run
--------------------------------------  -----  ---------  --------  ----------  --------------  -------------------
/opt/airflow/dags/debt_pipeline_dag.py                           0           1  0.09s           2026-04-01T18:47:27
================================================================================
[2026-04-01T18:48:01.745+0000] {manager.py:878} INFO - 
================================================================================
DAG File Processing Stats

File Path                               PID    Runtime      # DAGs    # Errors  Last Runtime    Last Run
--------------------------------------  -----  ---------  --------  ----------  --------------  -------------------
/opt/airflow/dags/debt_pipeline_dag.py                           0           1  0.09s           2026-04-01T18:47:57
================================================================================
[2026-04-01T18:48:13.846+0000] {manager.py:737} INFO - Searching for files in /opt/airflow/dags
[2026-04-01T18:48:13.848+0000] {manager.py:740} INFO - There are 1 files in /opt/airflow/dags
[2026-04-01T18:48:31.947+0000] {manager.py:878} INFO - 
================================================================================
DAG File Processing Stats

File Path                               PID    Runtime      # DAGs    # Errors  Last Runtime    Last Run
--------------------------------------  -----  ---------  --------  ----------  --------------  -------------------
/opt/airflow/dags/debt_pipeline_dag.py                           0           1  0.08s           2026-04-01T18:48:27
================================================================================
[2026-04-01T18:49:02.116+0000] {manager.py:878} INFO - 
================================================================================
DAG File Processing Stats

File Path                               PID    Runtime      # DAGs    # Errors  Last Runtime    Last Run
--------------------------------------  -----  ---------  --------  ----------  --------------  -------------------
/opt/airflow/dags/debt_pipeline_dag.py                           0           1  0.09s           2026-04-01T18:48:58
================================================================================
[2026-04-01T18:49:32.338+0000] {manager.py:878} INFO - 
================================================================================
DAG File Processing Stats

File Path                               PID    Runtime      # DAGs    # Errors  Last Runtime    Last Run
--------------------------------------  -----  ---------  --------  ----------  --------------  -------------------
/opt/airflow/dags/debt_pipeline_dag.py                           0           1  0.09s           2026-04-01T18:49:28
================================================================================
[2026-04-01T18:50:02.512+0000] {manager.py:878} INFO - 
================================================================================
DAG File Processing Stats

File Path                               PID    Runtime      # DAGs    # Errors  Last Runtime    Last Run
--------------------------------------  -----  ---------  --------  ----------  --------------  -------------------
/opt/airflow/dags/debt_pipeline_dag.py                           0           1  0.10s           2026-04-01T18:49:58
================================================================================
[2026-04-01T18:50:31.549+0000] {manager.py:452} INFO - Exiting gracefully upon receiving signal 15
[2026-04-01T18:50:55.305+0000] {manager.py:470} INFO - Processing files using up to 2 processes at a time 
[2026-04-01T18:50:55.308+0000] {manager.py:471} INFO - Process each file at most once every 30 seconds
[2026-04-01T18:50:55.309+0000] {manager.py:472} INFO - Checking for new files in /opt/airflow/dags every 300 seconds
[2026-04-01T18:50:55.309+0000] {manager.py:737} INFO - Searching for files in /opt/airflow/dags
[2026-04-01T18:50:55.311+0000] {manager.py:740} INFO - There are 1 files in /opt/airflow/dags
[2026-04-01T18:50:55.628+0000] {manager.py:878} INFO - 
================================================================================
DAG File Processing Stats

File Path                                 PID  Runtime      # DAGs    # Errors  Last Runtime    Last Run
--------------------------------------  -----  ---------  --------  ----------  --------------  ----------
/opt/airflow/dags/debt_pipeline_dag.py     56  0.03s             0           0
================================================================================
[2026-04-01T18:51:25.803+0000] {manager.py:878} INFO - 
================================================================================
DAG File Processing Stats

File Path                                 PID  Runtime      # DAGs    # Errors  Last Runtime    Last Run
--------------------------------------  -----  ---------  --------  ----------  --------------  -------------------
/opt/airflow/dags/debt_pipeline_dag.py     70  0.01s             0           1  0.10s           2026-04-01T18:50:55
================================================================================
[2026-04-01T18:51:56.015+0000] {manager.py:878} INFO - 
================================================================================
DAG File Processing Stats

File Path                                 PID  Runtime      # DAGs    # Errors  Last Runtime    Last Run
--------------------------------------  -----  ---------  --------  ----------  --------------  -------------------
/opt/airflow/dags/debt_pipeline_dag.py     77  0.01s             0           1  0.08s           2026-04-01T18:51:25
================================================================================
[2026-04-01T18:52:26.188+0000] {manager.py:878} INFO - 
================================================================================
DAG File Processing Stats

File Path                                 PID  Runtime      # DAGs    # Errors  Last Runtime    Last Run
--------------------------------------  -----  ---------  --------  ----------  --------------  -------------------
/opt/airflow/dags/debt_pipeline_dag.py     84  0.01s             0           1  0.10s           2026-04-01T18:51:56
================================================================================
[2026-04-01T18:52:56.408+0000] {manager.py:878} INFO - 
================================================================================
DAG File Processing Stats

File Path                                 PID  Runtime      # DAGs    # Errors  Last Runtime    Last Run
--------------------------------------  -----  ---------  --------  ----------  --------------  -------------------
/opt/airflow/dags/debt_pipeline_dag.py     91  0.01s             0           1  0.09s           2026-04-01T18:52:26
================================================================================
[2026-04-01T18:53:26.583+0000] {manager.py:878} INFO - 
================================================================================
DAG File Processing Stats

File Path                                 PID  Runtime      # DAGs    # Errors  Last Runtime    Last Run
--------------------------------------  -----  ---------  --------  ----------  --------------  -------------------
/opt/airflow/dags/debt_pipeline_dag.py     98  0.01s             0           1  0.11s           2026-04-01T18:52:56
================================================================================
[2026-04-01T18:53:56.821+0000] {manager.py:878} INFO - 
================================================================================
DAG File Processing Stats

File Path                                 PID  Runtime      # DAGs    # Errors  Last Runtime    Last Run
--------------------------------------  -----  ---------  --------  ----------  --------------  -------------------
/opt/airflow/dags/debt_pipeline_dag.py    105  0.01s             0           1  0.09s           2026-04-01T18:53:26
================================================================================
[2026-04-01T18:54:26.999+0000] {manager.py:878} INFO - 
================================================================================
DAG File Processing Stats

File Path                                 PID  Runtime      # DAGs    # Errors  Last Runtime    Last Run
--------------------------------------  -----  ---------  --------  ----------  --------------  -------------------
/opt/airflow/dags/debt_pipeline_dag.py    112  0.01s             0           1  0.09s           2026-04-01T18:53:56
================================================================================
[2026-04-01T18:54:57.212+0000] {manager.py:878} INFO - 
================================================================================
DAG File Processing Stats

File Path                                 PID  Runtime      # DAGs    # Errors  Last Runtime    Last Run
--------------------------------------  -----  ---------  --------  ----------  --------------  -------------------
/opt/airflow/dags/debt_pipeline_dag.py    119  0.01s             0           1  0.09s           2026-04-01T18:54:27
================================================================================
[2026-04-01T18:55:27.386+0000] {manager.py:878} INFO - 
================================================================================
DAG File Processing Stats

File Path                                 PID  Runtime      # DAGs    # Errors  Last Runtime    Last Run
--------------------------------------  -----  ---------  --------  ----------  --------------  -------------------
/opt/airflow/dags/debt_pipeline_dag.py    126  0.01s             0           1  0.09s           2026-04-01T18:54:57
================================================================================
[2026-04-01T18:55:55.571+0000] {manager.py:737} INFO - Searching for files in /opt/airflow/dags
[2026-04-01T18:55:55.573+0000] {manager.py:740} INFO - There are 1 files in /opt/airflow/dags
[2026-04-01T18:55:57.609+0000] {manager.py:878} INFO - 
================================================================================
DAG File Processing Stats

File Path                                 PID  Runtime      # DAGs    # Errors  Last Runtime    Last Run
--------------------------------------  -----  ---------  --------  ----------  --------------  -------------------
/opt/airflow/dags/debt_pipeline_dag.py    133  0.01s             0           1  0.10s           2026-04-01T18:55:27
================================================================================
[2026-04-01T18:56:27.783+0000] {manager.py:878} INFO - 
================================================================================
DAG File Processing Stats

File Path                                 PID  Runtime      # DAGs    # Errors  Last Runtime    Last Run
--------------------------------------  -----  ---------  --------  ----------  --------------  -------------------
/opt/airflow/dags/debt_pipeline_dag.py    141  0.01s             0           1  0.09s           2026-04-01T18:55:57
================================================================================
[2026-04-01T18:56:58.010+0000] {manager.py:878} INFO - 
================================================================================
DAG File Processing Stats

File Path                                 PID  Runtime      # DAGs    # Errors  Last Runtime    Last Run
--------------------------------------  -----  ---------  --------  ----------  --------------  -------------------
/opt/airflow/dags/debt_pipeline_dag.py    148  0.01s             0           1  0.09s           2026-04-01T18:56:27
================================================================================
[2026-04-01T18:57:28.188+0000] {manager.py:878} INFO - 
================================================================================
DAG File Processing Stats

File Path                                 PID  Runtime      # DAGs    # Errors  Last Runtime    Last Run
--------------------------------------  -----  ---------  --------  ----------  --------------  -------------------
/opt/airflow/dags/debt_pipeline_dag.py    156  0.01s             0           1  0.09s           2026-04-01T18:56:58
================================================================================
[2026-04-01T18:57:58.414+0000] {manager.py:878} INFO - 
================================================================================
DAG File Processing Stats

File Path                                 PID  Runtime      # DAGs    # Errors  Last Runtime    Last Run
--------------------------------------  -----  ---------  --------  ----------  --------------  -------------------
/opt/airflow/dags/debt_pipeline_dag.py    163  0.01s             0           1  0.09s           2026-04-01T18:57:28
================================================================================
[2026-04-01T18:58:28.652+0000] {manager.py:878} INFO - 
================================================================================
DAG File Processing Stats

File Path                               PID    Runtime      # DAGs    # Errors  Last Runtime    Last Run
--------------------------------------  -----  ---------  --------  ----------  --------------  -------------------
/opt/airflow/dags/debt_pipeline_dag.py                           0           1  0.13s           2026-04-01T18:58:16
================================================================================
[2026-04-01T18:58:58.856+0000] {manager.py:878} INFO - 
================================================================================
DAG File Processing Stats

File Path                               PID    Runtime      # DAGs    # Errors  Last Runtime    Last Run
--------------------------------------  -----  ---------  --------  ----------  --------------  -------------------
/opt/airflow/dags/debt_pipeline_dag.py                           0           1  0.09s           2026-04-01T18:58:46
================================================================================
[2026-04-01T18:59:29.040+0000] {manager.py:878} INFO - 
================================================================================
DAG File Processing Stats

File Path                               PID    Runtime      # DAGs    # Errors  Last Runtime    Last Run
--------------------------------------  -----  ---------  --------  ----------  --------------  -------------------
/opt/airflow/dags/debt_pipeline_dag.py                           0           1  0.10s           2026-04-01T18:59:17
================================================================================
[2026-04-01T18:59:59.247+0000] {manager.py:878} INFO - 
================================================================================
DAG File Processing Stats

File Path                               PID    Runtime      # DAGs    # Errors  Last Runtime    Last Run
--------------------------------------  -----  ---------  --------  ----------  --------------  -------------------
/opt/airflow/dags/debt_pipeline_dag.py                           0           1  0.09s           2026-04-01T18:59:47
================================================================================
[2026-04-01T19:00:11.988+0000] {manager.py:452} INFO - Exiting gracefully upon receiving signal 15
[2026-04-01T19:01:18.474+0000] {manager.py:470} INFO - Processing files using up to 2 processes at a time 
[2026-04-01T19:01:18.477+0000] {manager.py:471} INFO - Process each file at most once every 30 seconds
[2026-04-01T19:01:18.478+0000] {manager.py:472} INFO - Checking for new files in /opt/airflow/dags every 300 seconds
[2026-04-01T19:01:18.479+0000] {manager.py:737} INFO - Searching for files in /opt/airflow/dags
[2026-04-01T19:01:18.482+0000] {manager.py:740} INFO - There are 1 files in /opt/airflow/dags
[2026-04-01T19:01:19.210+0000] {manager.py:878} INFO - 
================================================================================
DAG File Processing Stats

File Path                                 PID  Runtime      # DAGs    # Errors  Last Runtime    Last Run
--------------------------------------  -----  ---------  --------  ----------  --------------  ----------
/opt/airflow/dags/debt_pipeline_dag.py     50  0.07s             0           0
================================================================================
[2026-04-01T19:01:49.378+0000] {manager.py:878} INFO - 
================================================================================
DAG File Processing Stats

File Path                                 PID  Runtime      # DAGs    # Errors  Last Runtime    Last Run
--------------------------------------  -----  ---------  --------  ----------  --------------  -------------------
/opt/airflow/dags/debt_pipeline_dag.py     58  0.01s             0           1  0.11s           2026-04-01T19:01:19
================================================================================
[2026-04-01T19:02:19.570+0000] {manager.py:878} INFO - 
================================================================================
DAG File Processing Stats

File Path                                 PID  Runtime      # DAGs    # Errors  Last Runtime    Last Run
--------------------------------------  -----  ---------  --------  ----------  --------------  -------------------
/opt/airflow/dags/debt_pipeline_dag.py     59  0.01s             0           1  0.09s           2026-04-01T19:01:49
================================================================================
[2026-04-01T19:02:49.757+0000] {manager.py:878} INFO - 
================================================================================
DAG File Processing Stats

File Path                                 PID  Runtime      # DAGs    # Errors  Last Runtime    Last Run
--------------------------------------  -----  ---------  --------  ----------  --------------  -------------------
/opt/airflow/dags/debt_pipeline_dag.py     67  0.01s             0           1  0.10s           2026-04-01T19:02:19
================================================================================
[2026-04-01T19:03:19.958+0000] {manager.py:878} INFO - 
================================================================================
DAG File Processing Stats

File Path                                 PID  Runtime      # DAGs    # Errors  Last Runtime    Last Run
--------------------------------------  -----  ---------  --------  ----------  --------------  -------------------
/opt/airflow/dags/debt_pipeline_dag.py     75  0.01s             0           1  0.08s           2026-04-01T19:02:49
================================================================================
[2026-04-01T19:03:50.128+0000] {manager.py:878} INFO - 
================================================================================
DAG File Processing Stats

File Path                                 PID  Runtime      # DAGs    # Errors  Last Runtime    Last Run
--------------------------------------  -----  ---------  --------  ----------  --------------  -------------------
/opt/airflow/dags/debt_pipeline_dag.py     83  0.01s             0           1  0.10s           2026-04-01T19:03:20
================================================================================
[2026-04-01T19:04:20.356+0000] {manager.py:878} INFO - 
================================================================================
DAG File Processing Stats

File Path                                 PID  Runtime      # DAGs    # Errors  Last Runtime    Last Run
--------------------------------------  -----  ---------  --------  ----------  --------------  -------------------
/opt/airflow/dags/debt_pipeline_dag.py     91  0.01s             0           1  0.09s           2026-04-01T19:03:50
================================================================================
[2026-04-01T19:04:50.531+0000] {manager.py:878} INFO - 
================================================================================
DAG File Processing Stats

File Path                                 PID  Runtime      # DAGs    # Errors  Last Runtime    Last Run
--------------------------------------  -----  ---------  --------  ----------  --------------  -------------------
/opt/airflow/dags/debt_pipeline_dag.py     99  0.01s             0           1  0.08s           2026-04-01T19:04:20
================================================================================
[2026-04-01T19:05:20.734+0000] {manager.py:878} INFO - 
================================================================================
DAG File Processing Stats

File Path                                 PID  Runtime      # DAGs    # Errors  Last Runtime    Last Run
--------------------------------------  -----  ---------  --------  ----------  --------------  -------------------
/opt/airflow/dags/debt_pipeline_dag.py    107  0.01s             0           1  0.09s           2026-04-01T19:04:50
================================================================================
[2026-04-01T19:05:50.917+0000] {manager.py:878} INFO - 
================================================================================
DAG File Processing Stats

File Path                                 PID  Runtime      # DAGs    # Errors  Last Runtime    Last Run
--------------------------------------  -----  ---------  --------  ----------  --------------  -------------------
/opt/airflow/dags/debt_pipeline_dag.py    108  0.01s             0           1  0.10s           2026-04-01T19:05:20
================================================================================
[2026-04-01T19:06:19.100+0000] {manager.py:737} INFO - Searching for files in /opt/airflow/dags
[2026-04-01T19:06:19.103+0000] {manager.py:740} INFO - There are 1 files in /opt/airflow/dags
[2026-04-01T19:06:21.156+0000] {manager.py:878} INFO - 
================================================================================
DAG File Processing Stats

File Path                                 PID  Runtime      # DAGs    # Errors  Last Runtime    Last Run
--------------------------------------  -----  ---------  --------  ----------  --------------  -------------------
/opt/airflow/dags/debt_pipeline_dag.py    116  0.02s             0           1  0.09s           2026-04-01T19:05:50
================================================================================
[2026-04-01T19:06:51.328+0000] {manager.py:878} INFO - 
================================================================================
DAG File Processing Stats

File Path                                 PID  Runtime      # DAGs    # Errors  Last Runtime    Last Run
--------------------------------------  -----  ---------  --------  ----------  --------------  -------------------
/opt/airflow/dags/debt_pipeline_dag.py    124  0.01s             0           1  0.11s           2026-04-01T19:06:21
================================================================================
[2026-04-01T19:07:21.548+0000] {manager.py:878} INFO - 
================================================================================
DAG File Processing Stats

File Path                                 PID  Runtime      # DAGs    # Errors  Last Runtime    Last Run
--------------------------------------  -----  ---------  --------  ----------  --------------  -------------------
/opt/airflow/dags/debt_pipeline_dag.py    132  0.01s             0           1  0.08s           2026-04-01T19:06:51
================================================================================
[2026-04-01T19:07:49.071+0000] {manager.py:878} INFO - 
================================================================================
DAG File Processing Stats

File Path                               PID    Runtime      # DAGs    # Errors  Last Runtime    Last Run
--------------------------------------  -----  ---------  --------  ----------  --------------  -------------------
/opt/airflow/dags/debt_pipeline_dag.py                           0           1  0.09s           2026-04-01T19:07:21
================================================================================
[2026-04-01T19:08:19.276+0000] {manager.py:878} INFO - 
================================================================================
DAG File Processing Stats

File Path                               PID    Runtime      # DAGs    # Errors  Last Runtime    Last Run
--------------------------------------  -----  ---------  --------  ----------  --------------  -------------------
/opt/airflow/dags/debt_pipeline_dag.py                           0           1  0.09s           2026-04-01T19:07:52
================================================================================
[2026-04-01T19:08:49.449+0000] {manager.py:878} INFO - 
================================================================================
DAG File Processing Stats

File Path                               PID    Runtime      # DAGs    # Errors  Last Runtime    Last Run
--------------------------------------  -----  ---------  --------  ----------  --------------  -------------------
/opt/airflow/dags/debt_pipeline_dag.py                           0           1  0.08s           2026-04-01T19:08:22
================================================================================
[2026-04-01T19:09:19.654+0000] {manager.py:878} INFO - 
================================================================================
DAG File Processing Stats

File Path                               PID    Runtime      # DAGs    # Errors  Last Runtime    Last Run
--------------------------------------  -----  ---------  --------  ----------  --------------  -------------------
/opt/airflow/dags/debt_pipeline_dag.py                           0           1  0.09s           2026-04-01T19:08:52
================================================================================
[2026-04-01T19:09:49.833+0000] {manager.py:878} INFO - 
================================================================================
DAG File Processing Stats

File Path                               PID    Runtime      # DAGs    # Errors  Last Runtime    Last Run
--------------------------------------  -----  ---------  --------  ----------  --------------  -------------------
/opt/airflow/dags/debt_pipeline_dag.py                           0           1  0.09s           2026-04-01T19:09:22
================================================================================
[2026-04-01T19:10:20.033+0000] {manager.py:878} INFO - 
================================================================================
DAG File Processing Stats

File Path                               PID    Runtime      # DAGs    # Errors  Last Runtime    Last Run
--------------------------------------  -----  ---------  --------  ----------  --------------  -------------------
/opt/airflow/dags/debt_pipeline_dag.py                           0           1  0.10s           2026-04-01T19:09:52
================================================================================
[2026-04-01T19:10:50.221+0000] {manager.py:878} INFO - 
================================================================================
DAG File Processing Stats

File Path                               PID    Runtime      # DAGs    # Errors  Last Runtime    Last Run
--------------------------------------  -----  ---------  --------  ----------  --------------  -------------------
/opt/airflow/dags/debt_pipeline_dag.py                           0           1  0.09s           2026-04-01T19:10:23
================================================================================
[2026-04-01T19:11:19.225+0000] {manager.py:737} INFO - Searching for files in /opt/airflow/dags
[2026-04-01T19:11:19.228+0000] {manager.py:740} INFO - There are 1 files in /opt/airflow/dags
[2026-04-01T19:11:20.250+0000] {manager.py:878} INFO - 
================================================================================
DAG File Processing Stats

File Path                               PID    Runtime      # DAGs    # Errors  Last Runtime    Last Run
--------------------------------------  -----  ---------  --------  ----------  --------------  -------------------
/opt/airflow/dags/debt_pipeline_dag.py                           1           0  0.74s           2026-04-01T19:11:11
================================================================================
[2026-04-01T19:11:50.420+0000] {manager.py:878} INFO - 
================================================================================
DAG File Processing Stats

File Path                               PID    Runtime      # DAGs    # Errors  Last Runtime    Last Run
--------------------------------------  -----  ---------  --------  ----------  --------------  -------------------
/opt/airflow/dags/debt_pipeline_dag.py                           1           0  0.17s           2026-04-01T19:11:31
================================================================================
[2026-04-01T19:12:20.740+0000] {manager.py:878} INFO - 
================================================================================
DAG File Processing Stats

File Path                               PID    Runtime      # DAGs    # Errors  Last Runtime    Last Run
--------------------------------------  -----  ---------  --------  ----------  --------------  -------------------
/opt/airflow/dags/debt_pipeline_dag.py                           1           0  0.19s           2026-04-01T19:12:01
================================================================================
[2026-04-01T19:12:51.069+0000] {manager.py:878} INFO - 
================================================================================
DAG File Processing Stats

File Path                               PID    Runtime      # DAGs    # Errors  Last Runtime    Last Run
--------------------------------------  -----  ---------  --------  ----------  --------------  -------------------
/opt/airflow/dags/debt_pipeline_dag.py                           1           0  0.19s           2026-04-01T19:12:32
================================================================================
[2026-04-01T19:13:21.422+0000] {manager.py:878} INFO - 
================================================================================
DAG File Processing Stats

File Path                               PID    Runtime      # DAGs    # Errors  Last Runtime    Last Run
--------------------------------------  -----  ---------  --------  ----------  --------------  -------------------
/opt/airflow/dags/debt_pipeline_dag.py                           1           0  0.22s           2026-04-01T19:13:02
================================================================================
[2026-04-01T19:13:51.779+0000] {manager.py:878} INFO - 
================================================================================
DAG File Processing Stats

File Path                               PID    Runtime      # DAGs    # Errors  Last Runtime    Last Run
--------------------------------------  -----  ---------  --------  ----------  --------------  -------------------
/opt/airflow/dags/debt_pipeline_dag.py                           1           0  0.19s           2026-04-01T19:13:32
================================================================================
[2026-04-01T19:14:22.100+0000] {manager.py:878} INFO - 
================================================================================
DAG File Processing Stats

File Path                               PID    Runtime      # DAGs    # Errors  Last Runtime    Last Run
--------------------------------------  -----  ---------  --------  ----------  --------------  -------------------
/opt/airflow/dags/debt_pipeline_dag.py                           1           0  0.22s           2026-04-01T19:14:03
================================================================================
[2026-04-01T19:14:52.467+0000] {manager.py:878} INFO - 
================================================================================
DAG File Processing Stats

File Path                               PID    Runtime      # DAGs    # Errors  Last Runtime    Last Run
--------------------------------------  -----  ---------  --------  ----------  --------------  -------------------
/opt/airflow/dags/debt_pipeline_dag.py                           1           0  0.21s           2026-04-01T19:14:33
================================================================================
[2026-04-01T19:15:22.813+0000] {manager.py:878} INFO - 
================================================================================
DAG File Processing Stats

File Path                               PID    Runtime      # DAGs    # Errors  Last Runtime    Last Run
--------------------------------------  -----  ---------  --------  ----------  --------------  -------------------
/opt/airflow/dags/debt_pipeline_dag.py                           1           0  0.19s           2026-04-01T19:15:03
================================================================================
[2026-04-01T19:15:53.145+0000] {manager.py:878} INFO - 
================================================================================
DAG File Processing Stats

File Path                               PID    Runtime      # DAGs    # Errors  Last Runtime    Last Run
--------------------------------------  -----  ---------  --------  ----------  --------------  -------------------
/opt/airflow/dags/debt_pipeline_dag.py                           1           0  0.19s           2026-04-01T19:15:34
================================================================================
[2026-04-01T19:16:19.446+0000] {manager.py:737} INFO - Searching for files in /opt/airflow/dags
[2026-04-01T19:16:19.450+0000] {manager.py:740} INFO - There are 1 files in /opt/airflow/dags
[2026-04-01T19:16:23.489+0000] {manager.py:878} INFO - 
================================================================================
DAG File Processing Stats

File Path                               PID    Runtime      # DAGs    # Errors  Last Runtime    Last Run
--------------------------------------  -----  ---------  --------  ----------  --------------  -------------------
/opt/airflow/dags/debt_pipeline_dag.py                           1           0  0.25s           2026-04-01T19:16:04
================================================================================
[2026-04-01T19:16:53.865+0000] {manager.py:878} INFO - 
================================================================================
DAG File Processing Stats

File Path                               PID    Runtime      # DAGs    # Errors  Last Runtime    Last Run
--------------------------------------  -----  ---------  --------  ----------  --------------  -------------------
/opt/airflow/dags/debt_pipeline_dag.py                           1           0  0.23s           2026-04-01T19:16:34
================================================================================
[2026-04-01T19:17:24.244+0000] {manager.py:878} INFO - 
================================================================================
DAG File Processing Stats

File Path                               PID    Runtime      # DAGs    # Errors  Last Runtime    Last Run
--------------------------------------  -----  ---------  --------  ----------  --------------  -------------------
/opt/airflow/dags/debt_pipeline_dag.py                           1           0  0.18s           2026-04-01T19:17:05
================================================================================
[2026-04-01T19:17:54.574+0000] {manager.py:878} INFO - 
================================================================================
DAG File Processing Stats

File Path                               PID    Runtime      # DAGs    # Errors  Last Runtime    Last Run
--------------------------------------  -----  ---------  --------  ----------  --------------  -------------------
/opt/airflow/dags/debt_pipeline_dag.py                           1           0  0.20s           2026-04-01T19:17:35
================================================================================
[2026-04-01T19:18:24.920+0000] {manager.py:878} INFO - 
================================================================================
DAG File Processing Stats

File Path                               PID    Runtime      # DAGs    # Errors  Last Runtime    Last Run
--------------------------------------  -----  ---------  --------  ----------  --------------  -------------------
/opt/airflow/dags/debt_pipeline_dag.py                           1           0  0.24s           2026-04-01T19:18:06
================================================================================
[2026-04-01T19:18:55.307+0000] {manager.py:878} INFO - 
================================================================================
DAG File Processing Stats

File Path                               PID    Runtime      # DAGs    # Errors  Last Runtime    Last Run
--------------------------------------  -----  ---------  --------  ----------  --------------  -------------------
/opt/airflow/dags/debt_pipeline_dag.py                           1           0  0.19s           2026-04-01T19:18:36
================================================================================
[2026-04-01T19:19:25.651+0000] {manager.py:878} INFO - 
================================================================================
DAG File Processing Stats

File Path                               PID    Runtime      # DAGs    # Errors  Last Runtime    Last Run
--------------------------------------  -----  ---------  --------  ----------  --------------  -------------------
/opt/airflow/dags/debt_pipeline_dag.py                           1           0  0.20s           2026-04-01T19:19:06
================================================================================
[2026-04-01T19:19:59.306+0000] {manager.py:878} INFO - 
================================================================================
DAG File Processing Stats

File Path                               PID    Runtime      # DAGs    # Errors  Last Runtime    Last Run
--------------------------------------  -----  ---------  --------  ----------  --------------  -------------------
/opt/airflow/dags/debt_pipeline_dag.py                           1           0  0.18s           2026-04-01T19:19:37
================================================================================
[2026-04-01T19:20:29.623+0000] {manager.py:878} INFO - 
================================================================================
DAG File Processing Stats

File Path                               PID    Runtime      # DAGs    # Errors  Last Runtime    Last Run
--------------------------------------  -----  ---------  --------  ----------  --------------  -------------------
/opt/airflow/dags/debt_pipeline_dag.py                           1           0  0.20s           2026-04-01T19:20:07
================================================================================
[2026-04-01T19:20:59.804+0000] {manager.py:878} INFO - 
================================================================================
DAG File Processing Stats

File Path                               PID    Runtime      # DAGs    # Errors  Last Runtime    Last Run
--------------------------------------  -----  ---------  --------  ----------  --------------  -------------------
/opt/airflow/dags/debt_pipeline_dag.py                           1           0  0.18s           2026-04-01T19:20:37
================================================================================
[2026-04-01T19:21:20.074+0000] {manager.py:737} INFO - Searching for files in /opt/airflow/dags
[2026-04-01T19:21:20.076+0000] {manager.py:740} INFO - There are 1 files in /opt/airflow/dags
[2026-04-01T19:21:30.151+0000] {manager.py:878} INFO - 
================================================================================
DAG File Processing Stats

File Path                               PID    Runtime      # DAGs    # Errors  Last Runtime    Last Run
--------------------------------------  -----  ---------  --------  ----------  --------------  -------------------
/opt/airflow/dags/debt_pipeline_dag.py                           1           0  0.20s           2026-04-01T19:21:08
================================================================================
