[2026-04-01T19:13:00.830+0000] {local_task_job_runner.py:120} INFO - ::group::Pre task execution logs
[2026-04-01T19:13:00.892+0000] {taskinstance.py:2076} INFO - Dependencies all met for dep_context=non-requeueable deps ti=<TaskInstance: sovereign_debt_pipeline.extract_load_jedh scheduled__2026-01-01T06:00:00+00:00 [queued]>
[2026-04-01T19:13:00.911+0000] {taskinstance.py:2076} INFO - Dependencies all met for dep_context=requeueable deps ti=<TaskInstance: sovereign_debt_pipeline.extract_load_jedh scheduled__2026-01-01T06:00:00+00:00 [queued]>
[2026-04-01T19:13:00.912+0000] {taskinstance.py:2306} INFO - Starting attempt 1 of 3
[2026-04-01T19:13:00.949+0000] {taskinstance.py:2330} INFO - Executing <Task(DockerOperator): extract_load_jedh> on 2026-01-01 06:00:00+00:00
[2026-04-01T19:13:00.965+0000] {warnings.py:112} WARNING - /home/***/.local/lib/python3.12/site-packages/***/task/task_runner/standard_task_runner.py:61: DeprecationWarning: This process (pid=204) is multi-threaded, use of fork() may lead to deadlocks in the child.
  pid = os.fork()

[2026-04-01T19:13:00.968+0000] {standard_task_runner.py:63} INFO - Started process 205 to run task
[2026-04-01T19:13:00.967+0000] {standard_task_runner.py:90} INFO - Running: ['***', 'tasks', 'run', 'sovereign_debt_pipeline', 'extract_load_jedh', 'scheduled__2026-01-01T06:00:00+00:00', '--job-id', '6', '--raw', '--subdir', 'DAGS_FOLDER/debt_pipeline_dag.py', '--cfg-path', '/tmp/tmp2v2uzkmx']
[2026-04-01T19:13:00.969+0000] {standard_task_runner.py:91} INFO - Job 6: Subtask extract_load_jedh
[2026-04-01T19:13:01.055+0000] {task_command.py:426} INFO - Running <TaskInstance: sovereign_debt_pipeline.extract_load_jedh scheduled__2026-01-01T06:00:00+00:00 [running]> on host a8739c8d063f
[2026-04-01T19:13:01.245+0000] {taskinstance.py:2648} INFO - Exporting env vars: AIRFLOW_CTX_DAG_OWNER='sovereign-debt-observatory' AIRFLOW_CTX_DAG_ID='sovereign_debt_pipeline' AIRFLOW_CTX_TASK_ID='extract_load_jedh' AIRFLOW_CTX_EXECUTION_DATE='2026-01-01T06:00:00+00:00' AIRFLOW_CTX_TRY_NUMBER='1' AIRFLOW_CTX_DAG_RUN_ID='scheduled__2026-01-01T06:00:00+00:00'
[2026-04-01T19:13:01.246+0000] {taskinstance.py:430} INFO - ::endgroup::
[2026-04-01T19:13:01.318+0000] {docker.py:157} ERROR - Failed to establish connection to Docker host unix://var/run/docker.sock: Error while fetching server API version: ('Connection aborted.', FileNotFoundError(2, 'No such file or directory'))
[2026-04-01T19:13:01.318+0000] {taskinstance.py:441} INFO - ::group::Post task execution logs
[2026-04-01T19:13:01.340+0000] {taskinstance.py:2905} ERROR - Task failed with exception
Traceback (most recent call last):
  File "/home/airflow/.local/lib/python3.12/site-packages/airflow/models/taskinstance.py", line 465, in _execute_task
    result = _execute_callable(context=context, **execute_callable_kwargs)
             ^^^^^^^^^^^^^^^^^^^^^^^^^^^^^^^^^^^^^^^^^^^^^^^^^^^^^^^^^^^^^
  File "/home/airflow/.local/lib/python3.12/site-packages/airflow/models/taskinstance.py", line 432, in _execute_callable
    return execute_callable(context=context, **execute_callable_kwargs)
           ^^^^^^^^^^^^^^^^^^^^^^^^^^^^^^^^^^^^^^^^^^^^^^^^^^^^^^^^^^^^
  File "/home/airflow/.local/lib/python3.12/site-packages/airflow/models/baseoperator.py", line 401, in wrapper
    return func(self, *args, **kwargs)
           ^^^^^^^^^^^^^^^^^^^^^^^^^^^
  File "/home/airflow/.local/lib/python3.12/site-packages/airflow/providers/docker/operators/docker.py", line 492, in execute
    if self.force_pull or not self.cli.images(name=self.image):
                              ^^^^^^^^
  File "/home/airflow/.local/lib/python3.12/site-packages/airflow/providers/docker/operators/docker.py", line 362, in cli
    return self.hook.api_client
           ^^^^^^^^^^^^^^^^^^^^
  File "/usr/local/lib/python3.12/functools.py", line 995, in __get__
    val = self.func(instance)
          ^^^^^^^^^^^^^^^^^^^
  File "/home/airflow/.local/lib/python3.12/site-packages/airflow/providers/docker/hooks/docker.py", line 161, in api_client
    raise AirflowException("Failed to establish connection to any given Docker hosts.")
airflow.exceptions.AirflowException: Failed to establish connection to any given Docker hosts.
[2026-04-01T19:13:01.353+0000] {taskinstance.py:1206} INFO - Marking task as UP_FOR_RETRY. dag_id=sovereign_debt_pipeline, task_id=extract_load_jedh, run_id=scheduled__2026-01-01T06:00:00+00:00, execution_date=20260101T060000, start_date=20260401T191300, end_date=20260401T191301
[2026-04-01T19:13:01.384+0000] {standard_task_runner.py:110} ERROR - Failed to execute job 6 for task extract_load_jedh (Failed to establish connection to any given Docker hosts.; 205)
[2026-04-01T19:13:01.424+0000] {local_task_job_runner.py:240} INFO - Task exited with return code 1
[2026-04-01T19:13:01.476+0000] {taskinstance.py:3503} INFO - 0 downstream tasks scheduled from follow-on schedule check
[2026-04-01T19:13:01.478+0000] {local_task_job_runner.py:222} INFO - ::endgroup::
